machine list: autograder/autograder/machine.txt
nodeIP: kh4250-08.cselabs.umn.edu
nodeIP: kh4250-08.cselabs.umn.edu
nodeIP: kh4250-08.cselabs.umn.edu
nodeIP: kh4250-08.cselabs.umn.edu
Starting a multithreaded compute node server...
log4j:WARN No appenders could be found for logger (org.apache.thrift.server.TSimpleServer).
log4j:WARN Please initialize the log4j system properly.
log4j:WARN See http://logging.apache.org/log4j/1.2/faq.html#noconfig for more info.
/home/kim00967/csci5105/assignments/P1/input_dir/lena.jpg
/home/kim00967/csci5105/assignments/P1/input_dir/HappyFish.jpg
/home/kim00967/csci5105/assignments/P1/input_dir/Megamind_bugy.avi
/home/kim00967/csci5105/assignments/P1/input_dir/squirrel_cls.jpg
/home/kim00967/csci5105/assignments/P1/input_dir/fruits.jpg
/home/kim00967/csci5105/assignments/P1/input_dir/aloeL.jpg
/home/kim00967/csci5105/assignments/P1/input_dir/apple.jpg
/home/kim00967/csci5105/assignments/P1/input_dir/baboon.jpg
Start compute node 0
client: cpnode.ComputeNodeService$Client@21229f1f
transport: org.apache.thrift.transport.TSocket@6c01c500
probs[0]: 0.8
image_path: [/home/kim00967/csci5105/assignments/P1/input_dir/lena.jpg, /home/kim00967/csci5105/assignments/P1/input_dir/HappyFish.jpg, /home/kim00967/csci5105/assignments/P1/input_dir/Megamind_bugy.avi, /home/kim00967/csci5105/assignments/P1/input_dir/squirrel_cls.jpg, /home/kim00967/csci5105/assignments/P1/input_dir/fruits.jpg, /home/kim00967/csci5105/assignments/P1/input_dir/aloeL.jpg, /home/kim00967/csci5105/assignments/P1/input_dir/apple.jpg, /home/kim00967/csci5105/assignments/P1/input_dir/baboon.jpg]
Start compute node 1
client: cpnode.ComputeNodeService$Client@247b6bd
transport: org.apache.thrift.transport.TSocket@48fc40aa
probs[1]: 0.6
Compute node rejects job in this round
Compute node rejects job in this round
image_path: [/home/kim00967/csci5105/assignments/P1/input_dir/lena.jpg, /home/kim00967/csci5105/assignments/P1/input_dir/HappyFish.jpg, /home/kim00967/csci5105/assignments/P1/input_dir/Megamind_bugy.avi, /home/kim00967/csci5105/assignments/P1/input_dir/squirrel_cls.jpg, /home/kim00967/csci5105/assignments/P1/input_dir/fruits.jpg, /home/kim00967/csci5105/assignments/P1/input_dir/aloeL.jpg, /home/kim00967/csci5105/assignments/P1/input_dir/apple.jpg, /home/kim00967/csci5105/assignments/P1/input_dir/baboon.jpg]
Start compute node 2
client: cpnode.ComputeNodeService$Client@652b350d
Compute node rejects job in this round
transport: org.apache.thrift.transport.TSocket@248f96f8
probs[2]: 0.5
image_path: [/home/kim00967/csci5105/assignments/P1/input_dir/lena.jpg, /home/kim00967/csci5105/assignments/P1/input_dir/HappyFish.jpg, /home/kim00967/csci5105/assignments/P1/input_dir/Megamind_bugy.avi, /home/kim00967/csci5105/assignments/P1/input_dir/squirrel_cls.jpg, /home/kim00967/csci5105/assignments/P1/input_dir/fruits.jpg, /home/kim00967/csci5105/assignments/P1/input_dir/aloeL.jpg, /home/kim00967/csci5105/assignments/P1/input_dir/apple.jpg, /home/kim00967/csci5105/assignments/P1/input_dir/baboon.jpg]
Start compute node 3
client: cpnode.ComputeNodeService$Client@1bc23e8a
transport: org.apache.thrift.transport.TSocket@3191c448
probs[3]: 0.2
Compute node rejects job in this round
image_path: [/home/kim00967/csci5105/assignments/P1/input_dir/lena.jpg, /home/kim00967/csci5105/assignments/P1/input_dir/HappyFish.jpg, /home/kim00967/csci5105/assignments/P1/input_dir/Megamind_bugy.avi, /home/kim00967/csci5105/assignments/P1/input_dir/squirrel_cls.jpg, /home/kim00967/csci5105/assignments/P1/input_dir/fruits.jpg, /home/kim00967/csci5105/assignments/P1/input_dir/aloeL.jpg, /home/kim00967/csci5105/assignments/P1/input_dir/apple.jpg, /home/kim00967/csci5105/assignments/P1/input_dir/baboon.jpg]
Compute node rejects job in this round
Compute node rejects job in this round
Compute node rejects job in this round
Canny edge detect image successfully
Compute node rejects job in this round
Canny edge detect image successfully
Canny edge detect image successfully
Canny edge detect image successfully
Done image processing on all images
count.max_index: 8
count.curr_index: 8
Canny edge detect image successfully
Done image processing on all images
count.max_index: 0
count.curr_index: 0
Canny edge detect image successfully
Done image processing on all images
count.max_index: 0
count.curr_index: 0
Canny edge detect image successfully
Done image processing on all images
count.max_index: 0
count.curr_index: 0
