Starting a multithreaded compute node server...
log4j:WARN No appenders could be found for logger (org.apache.thrift.server.TThreadPoolServer).
log4j:WARN Please initialize the log4j system properly.
log4j:WARN No appenders could be found for logger (org.apache.thrift.server.TThreadPoolServer).
log4j:WARN Please initialize the log4j system properly.
log4j:WARN See http://logging.apache.org/log4j/1.2/faq.html#noconfig for more info.
log4j:WARN No appenders could be found for logger (org.apache.thrift.server.TThreadPoolServer).
log4j:WARN Please initialize the log4j system properly.
log4j:WARN See http://logging.apache.org/log4j/1.2/faq.html#noconfig for more info.
log4j:WARN See http://logging.apache.org/log4j/1.2/faq.html#noconfig for more info.
Received request
/home/nguy4068/CSCI5105/P1/input_dir/HappyFish.jpg
Received request
/home/nguy4068/CSCI5105/P1/input_dir/aloeL.jpg
Received request
/home/nguy4068/CSCI5105/P1/input_dir/Megamind_bugy.avi
Received request
/home/nguy4068/CSCI5105/P1/input_dir/apple.jpg
/home/nguy4068/CSCI5105/P1/input_dir/HappyFish.jpg
/home/nguy4068/CSCI5105/P1/input_dir/apple.jpg
/home/nguy4068/CSCI5105/P1/input_dir/aloeL.jpg
HappyFish.jpg
/home/nguy4068/CSCI5105/P1/input_dir/Megamind_bugy.avi
Megamind_bugy.avi
apple.jpg
aloeL.jpg
Received request
/home/nguy4068/CSCI5105/P1/input_dir/fruits.jpg
/home/nguy4068/CSCI5105/P1/input_dir/fruits.jpg
fruits.jpg
Received request
/home/nguy4068/CSCI5105/P1/input_dir/squirrel_cls.jpg
/home/nguy4068/CSCI5105/P1/input_dir/squirrel_cls.jpg
squirrel_cls.jpg
Received request
/home/nguy4068/CSCI5105/P1/input_dir/baboon.jpg
/home/nguy4068/CSCI5105/P1/input_dir/baboon.jpg
baboon.jpg
Received request
/home/nguy4068/CSCI5105/P1/input_dir/lena.jpg
/home/nguy4068/CSCI5105/P1/input_dir/lena.jpg
lena.jpg
